<?xml version="1.0" encoding="UTF-8"?>
<!-- Generated by org.testng.reporters.JUnitReportReporter -->
<testsuite hostname="LAPTOP-9DKIROKI" failures="0" tests="10" name="Properties.PropertiesConfigTestNgDemo" time="0.013" errors="0" timestamp="2021-01-26T17:17:07 CST" skipped="0">
  <testcase classname="Properties.PropertiesConfigTestNgDemo" name="AutoPage" time="0.005"/>
  <system-out/>
  <testcase classname="Properties.PropertiesConfigTestNgDemo" name="ZCodePage" time="0.001"/>
  <system-out/>
  <testcase classname="Properties.PropertiesConfigTestNgDemo" name="CustomerInformation1" time="0.001"/>
  <system-out/>
  <testcase classname="Properties.PropertiesConfigTestNgDemo" name="VehiclePage" time="0.001"/>
  <system-out/>
  <testcase classname="Properties.PropertiesConfigTestNgDemo" name="DriversInformation" time="0.001"/>
  <system-out/>
  <testcase classname="Properties.PropertiesConfigTestNgDemo" name="DriversQuote" time="0.000"/>
  <system-out/>
  <testcase classname="Properties.PropertiesConfigTestNgDemo" name="VerifyDriverInformation" time="0.000"/>
  <system-out/>
  <testcase classname="Properties.PropertiesConfigTestNgDemo" name="HistoryofInsurance" time="0.001"/>
  <system-out/>
  <testcase classname="Properties.PropertiesConfigTestNgDemo" name="snapshot" time="0.002"/>
  <system-out/>
  <testcase classname="Properties.PropertiesConfigTestNgDemo" name="ContinueAuto" time="0.001"/>
  <system-out/>
</testsuite> <!-- Properties.PropertiesConfigTestNgDemo -->
