<?xml version="1.0" encoding="UTF-8"?>
<!-- Generated by org.testng.reporters.JUnitReportReporter -->
<testsuite hostname="LAPTOP-9DKIROKI" failures="0" tests="1" name="GooGlePageTest.GoogleHomePageTest" time="13.890" errors="0" timestamp="2021-01-28T19:02:26 CST" skipped="0">
  <testcase classname="GooGlePageTest.GoogleHomePageTest" name="GoogleSearch" time="13.890"/>
  <system-out/>
</testsuite> <!-- GooGlePageTest.GoogleHomePageTest -->
