<?xml version="1.0" encoding="UTF-8"?>
<!-- Generated by org.testng.reporters.JUnitReportReporter -->
<testsuite hostname="LAPTOP-9DKIROKI" failures="0" tests="10" name="Project1ProgressiveInsurance.ProgressiveAutomationTest" time="81.139" errors="0" timestamp="2021-01-28T19:02:26 CST" skipped="0">
  <testcase classname="Project1ProgressiveInsurance.ProgressiveAutomationTest" name="AutoPage" time="3.595"/>
  <system-out/>
  <testcase classname="Project1ProgressiveInsurance.ProgressiveAutomationTest" name="ZCodePage" time="4.218"/>
  <system-out/>
  <testcase classname="Project1ProgressiveInsurance.ProgressiveAutomationTest" name="CustomerInformation1" time="29.434"/>
  <system-out/>
  <testcase classname="Project1ProgressiveInsurance.ProgressiveAutomationTest" name="VehiclePage" time="35.910"/>
  <system-out/>
  <testcase classname="Project1ProgressiveInsurance.ProgressiveAutomationTest" name="DriversInformation" time="0.028"/>
  <system-out/>
  <testcase classname="Project1ProgressiveInsurance.ProgressiveAutomationTest" name="DriversQuote" time="2.112"/>
  <system-out/>
  <testcase classname="Project1ProgressiveInsurance.ProgressiveAutomationTest" name="VerifyDriverInformation" time="3.123"/>
  <system-out/>
  <testcase classname="Project1ProgressiveInsurance.ProgressiveAutomationTest" name="HistoryofInsurance" time="0.021"/>
  <system-out/>
  <testcase classname="Project1ProgressiveInsurance.ProgressiveAutomationTest" name="snapshot" time="0.020"/>
  <system-out/>
  <testcase classname="Project1ProgressiveInsurance.ProgressiveAutomationTest" name="ContinueAuto" time="2.678"/>
  <system-out/>
</testsuite> <!-- Project1ProgressiveInsurance.ProgressiveAutomationTest -->
